<?xml version="1.0" encoding="UTF-8"?>
<!-- Generated by org.testng.reporters.JUnitReportReporter -->
<testsuite hostname="DESKTOP-7CT1530" failures="0" tests="1" name="TestScripts.DWSTC002" time="49.004" errors="0" timestamp="2024-07-23T15:24:04 IST" skipped="0">
  <testcase classname="TestScripts.DWSTC002" name="verify_user_is_able_to_add_a_Product_to_wishlist" time="49.004"/>
  <system-out>
    <![CDATA[[Testcase --verify_user_is_able_to_add_a_Product_to_wishlist-- is started]
[Testcase --verify_user_is_able_to_add_a_Product_to_wishlist-- is passed]]]>
  </system-out>
</testsuite> <!-- TestScripts.DWSTC002 -->
