<?xml version="1.0" encoding="UTF-8"?>
<!-- Generated by org.testng.reporters.JUnitReportReporter -->
<testsuite hostname="DESKTOP-7CT1530" failures="0" tests="1" name="TestScripts.DWSTC001" time="21.881" errors="0" timestamp="2024-07-18T16:26:14 IST" skipped="0">
  <testcase classname="TestScripts.DWSTC001" name="verify_a_Product_can_be_added_to_the_cart" time="21.881"/>
  <system-out/>
</testsuite> <!-- TestScripts.DWSTC001 -->
