<?xml version="1.0" encoding="UTF-8"?>
<!-- Generated by org.testng.reporters.JUnitReportReporter -->
<testsuite hostname="DESKTOP-7CT1530" failures="0" tests="1" name="GroupExecution.AkshayKumar" time="9.839" errors="0" timestamp="2024-07-15T16:04:08 IST" skipped="0">
  <testcase classname="GroupExecution.AkshayKumar" name="executeScript" time="9.839"/>
  <system-out>
    <![CDATA[AK]]>
  </system-out>
</testsuite> <!-- GroupExecution.AkshayKumar -->
