<?xml version="1.0" encoding="UTF-8"?>
<!-- Generated by org.testng.reporters.JUnitReportReporter -->
<testsuite hostname="DESKTOP-7CT1530" failures="0" tests="1" name="GroupExecution.VijayD" time="10.577" errors="0" timestamp="2024-07-15T16:04:08 IST" skipped="0">
  <testcase classname="GroupExecution.VijayD" name="executeScript" time="10.577"/>
  <system-out>
    <![CDATA[vijay]]>
  </system-out>
</testsuite> <!-- GroupExecution.VijayD -->
