<?xml version="1.0" encoding="UTF-8"?>
<!-- Generated by org.testng.reporters.JUnitReportReporter -->
<testsuite hostname="DESKTOP-7CT1530" failures="0" tests="1" name="crossBrowserExecution.BMW" time="11.319" errors="0" timestamp="2024-07-16T15:11:57 IST" skipped="0">
  <testcase classname="crossBrowserExecution.BMW" name="bmw" time="11.319"/>
  <system-out/>
</testsuite> <!-- crossBrowserExecution.BMW -->
