<?xml version="1.0" encoding="UTF-8"?>
<!-- Generated by org.testng.reporters.JUnitReportReporter -->
<testsuite hostname="DESKTOP-7CT1530" failures="0" tests="1" name="BatchExecution.GT650" time="31.721" errors="0" timestamp="2024-07-15T15:05:28 IST" skipped="0">
  <testcase classname="BatchExecution.GT650" name="continentalGT650" time="31.721"/>
  <system-out/>
</testsuite> <!-- BatchExecution.GT650 -->
