<?xml version="1.0" encoding="UTF-8"?>
<!-- Generated by org.testng.reporters.JUnitReportReporter -->
<testsuite hostname="DESKTOP-7CT1530" failures="0" tests="3" name="TestScripts.Bikes" time="124.914" errors="0" timestamp="2024-07-13T15:55:23 IST" skipped="0">
  <testcase classname="TestScripts.Bikes" name="jawa" time="17.045"/>
  <system-out/>
  <testcase classname="TestScripts.Bikes" name="harleyDavidson" time="94.989"/>
  <system-out/>
  <testcase classname="TestScripts.Bikes" name="continentalGT650" time="12.880"/>
  <system-out/>
</testsuite> <!-- TestScripts.Bikes -->
