<?xml version="1.0" encoding="UTF-8"?>
<!-- Generated by org.testng.reporters.JUnitReportReporter -->
<testsuite hostname="DESKTOP-7CT1530" failures="0" tests="1" name="crossBrowserExecution.javaTPoint" time="11.844" errors="0" timestamp="2024-07-16T15:30:54 IST" skipped="0">
  <testcase classname="crossBrowserExecution.javaTPoint" name="JavaTPoint" time="11.844"/>
  <system-out/>
</testsuite> <!-- crossBrowserExecution.javaTPoint -->
