<?xml version="1.0" encoding="UTF-8"?>
<!-- Generated by org.testng.reporters.JUnitReportReporter -->
<testsuite hostname="DESKTOP-7CT1530" failures="0" tests="1" name="GroupExecution.VickyKaushal" time="13.497" errors="0" timestamp="2024-07-15T16:02:03 IST" skipped="0">
  <testcase classname="GroupExecution.VickyKaushal" name="executeScript" time="13.497"/>
  <system-out>
    <![CDATA[Vicky]]>
  </system-out>
</testsuite> <!-- GroupExecution.VickyKaushal -->
