<?xml version="1.0" encoding="UTF-8"?>
<!-- Generated by org.testng.reporters.JUnitReportReporter -->
<testsuite hostname="DESKTOP-7CT1530" failures="0" tests="2" name="TestScripts.TC002" time="0.016" errors="0" timestamp="2024-07-12T16:01:14 IST" skipped="0">
  <testcase classname="TestScripts.TC002" name="TestExecuteScript2" time="0.015"/>
  <system-out>
    <![CDATA[Executing test case 2]]>
  </system-out>
  <testcase classname="TestScripts.TC002" name="TestExecuteScript1" time="0.001"/>
  <system-out>
    <![CDATA[Executing test case 1]]>
  </system-out>
</testsuite> <!-- TestScripts.TC002 -->
