<?xml version="1.0" encoding="UTF-8"?>
<!-- Generated by org.testng.reporters.JUnitReportReporter -->
<testsuite hostname="DESKTOP-7CT1530" failures="0" tests="1" name="BatchExecution.jawa" time="13.299" errors="0" timestamp="2024-07-15T15:38:14 IST" skipped="0">
  <testcase classname="BatchExecution.jawa" name="jawaa" time="13.299"/>
  <system-out/>
</testsuite> <!-- BatchExecution.jawa -->
